                 timestamp                    message
0  2023-11-15 11:39:57.500           Key None pressed
1  2023-11-15 11:39:59.348            Key 'h' pressed
2  2023-11-15 11:39:59.479            Key 'e' pressed
3  2023-11-15 11:39:59.814            Key 'l' pressed
4  2023-11-15 11:39:59.941            Key 'l' pressed
5  2023-11-15 11:40:00.237      Key Key.space pressed
6  2023-11-15 11:40:00.820  Key Key.backspace pressed
7  2023-11-15 11:40:00.951  Key Key.backspace pressed
8  2023-11-15 11:40:01.083  Key Key.backspace pressed
9  2023-11-15 11:40:01.373            Key 'h' pressed
10 2023-11-15 11:40:01.450            Key 'e' pressed
11 2023-11-15 11:40:01.591            Key 'l' pressed
12 2023-11-15 11:40:01.736            Key 'l' pressed
13 2023-11-15 11:40:01.906            Key 'o' pressed
14 2023-11-15 11:40:02.030      Key Key.space pressed
15 2023-11-15 11:40:02.724            Key 'h' pressed
16 2023-11-15 11:40:02.843            Key 'e' pressed
17 2023-11-15 11:40:02.988            Key 'l' pressed
18 2023-11-15 11:40:07.354            Key 'h' pressed
19 2023-11-15 11:40:07.429            Key 'e' pressed
20 2023-11-15 11:40:07.610            Key 'l' pressed
21 2023-11-15 11:40:07.734            Key 'l' pressed
22 2023-11-15 11:40:07.928            Key 'o' pressed
23 2023-11-15 11:40:08.186      Key Key.space pressed
24 2023-11-15 11:40:08.414            Key 'h' pressed
25 2023-11-15 11:40:08.533            Key 'e' pressed
26 2023-11-15 11:40:08.652            Key 'l' pressed
27 2023-11-15 11:40:09.646        Key Key.esc pressed