2023-11-15 00:50:47,466: Key 'h' pressed
2023-11-15 00:50:47,825: Key 'h' pressed
2023-11-15 00:50:48,051: Key 'h' pressed
2023-11-15 00:50:48,057: Key 'd' pressed
2023-11-15 00:50:48,194: Key 'a' pressed
2023-11-15 00:50:48,258: Key 's' pressed
2023-11-15 00:50:48,337: Key 'd' pressed
2023-11-15 00:50:48,451: Key 'a' pressed
2023-11-15 00:50:48,452: Key 's' pressed
2023-11-15 00:50:48,561: Key 'd' pressed
2023-11-15 00:50:48,562: Key 'h' pressed
2023-11-15 00:50:48,657: Key 'g' pressed
2023-11-15 00:50:48,722: Key 'a' pressed
2023-11-15 00:50:48,723: Key 's' pressed
2023-11-15 00:50:48,753: Key 'd' pressed
2023-11-15 00:50:48,825: Key 'g' pressed
2023-11-15 00:50:48,986: Key 'g' pressed
2023-11-15 00:50:49,145: Key 'a' pressed
2023-11-15 00:50:49,161: Key 'h' pressed
2023-11-15 00:50:49,169: Key 's' pressed
2023-11-15 00:50:49,248: Key 'd' pressed
2023-11-15 00:50:49,353: Key 'h' pressed
2023-11-15 00:50:49,378: Key 'a' pressed
2023-11-15 00:50:49,513: Key 'd' pressed
2023-11-15 00:50:49,530: Key 'h' pressed
2023-11-15 00:50:50,769: Key Key.space pressed
2023-11-15 00:50:50,897: Key Key.space pressed
2023-11-15 00:50:51,041: Key Key.space pressed
2023-11-15 00:50:51,234: Key 'h' pressed
2023-11-15 00:50:51,241: Key 'j' pressed
2023-11-15 00:50:51,385: Key 'h' pressed
2023-11-15 00:50:51,393: Key 'j' pressed
2023-11-15 00:50:51,657: Key Key.space pressed
2023-11-15 00:50:51,817: Key Key.space pressed
2023-11-15 00:50:52,266: Key Key.space pressed
2023-11-15 00:50:52,394: Key 'h' pressed
2023-11-15 00:50:52,545: Key Key.space pressed
